<?xml version="1.0" encoding="UTF-8"?>
<coverage generated="1706422057823" clover="3.2.0">
  <project timestamp="1706422057823" name="All files">
    <metrics statements="48" coveredstatements="46" conditionals="8" coveredconditionals="5" methods="12" coveredmethods="12" elements="68" coveredelements="63" complexity="0" loc="48" ncloc="48" packages="1" files="1" classes="1"/>
    <file name="gameLogic.js" path="/Users/nikolasvahlas/Documents/Gesture_Jack/docs/scripts/gameLogic.js">
      <metrics statements="48" coveredstatements="46" conditionals="8" coveredconditionals="5" methods="12" coveredmethods="12"/>
      <line num="1" count="1" type="stmt"/>
      <line num="17" count="1" type="stmt"/>
      <line num="19" count="1" type="stmt"/>
      <line num="21" count="1" type="stmt"/>
      <line num="22" count="1" type="stmt"/>
      <line num="23" count="1" type="stmt"/>
      <line num="27" count="6" type="stmt"/>
      <line num="28" count="306" type="stmt"/>
      <line num="31" count="306" type="stmt"/>
      <line num="32" count="306" type="stmt"/>
      <line num="33" count="306" type="stmt"/>
      <line num="35" count="6" type="stmt"/>
      <line num="40" count="24" type="stmt"/>
      <line num="46" count="21" type="stmt"/>
      <line num="47" count="21" type="stmt"/>
      <line num="48" count="48" type="stmt"/>
      <line num="50" count="21" type="stmt"/>
      <line num="58" count="6" type="stmt"/>
      <line num="59" count="6" type="stmt"/>
      <line num="60" count="6" type="stmt"/>
      <line num="61" count="6" type="stmt"/>
      <line num="62" count="24" type="stmt"/>
      <line num="63" count="312" type="stmt"/>
      <line num="70" count="6" type="stmt"/>
      <line num="71" count="6" type="stmt"/>
      <line num="72" count="6" type="stmt"/>
      <line num="73" count="6" type="stmt"/>
      <line num="74" count="6" type="stmt"/>
      <line num="75" count="6" type="stmt"/>
      <line num="77" count="6" type="cond" truecount="2" falsecount="0"/>
      <line num="78" count="1" type="stmt"/>
      <line num="79" count="5" type="cond" truecount="1" falsecount="1"/>
      <line num="80" count="0" type="stmt"/>
      <line num="88" count="2" type="stmt"/>
      <line num="89" count="2" type="stmt"/>
      <line num="94" count="2" type="stmt"/>
      <line num="95" count="2" type="stmt"/>
      <line num="103" count="1" type="stmt"/>
      <line num="104" count="1" type="stmt"/>
      <line num="106" count="1" type="cond" truecount="1" falsecount="1"/>
      <line num="107" count="1" type="cond" truecount="1" falsecount="1"/>
      <line num="108" count="0" type="stmt"/>
      <line num="112" count="3" type="stmt"/>
      <line num="116" count="3" type="stmt"/>
      <line num="120" count="1" type="stmt"/>
      <line num="124" count="2" type="stmt"/>
      <line num="128" count="1" type="stmt"/>
      <line num="131" count="1" type="stmt"/>
    </file>
  </project>
</coverage>
