{"/Users/nikolasvahlas/Documents/Gesture_Jack/docs/scripts/gameLogic.js": {"path":"/Users/nikolasvahlas/Documents/Gesture_Jack/docs/scripts/gameLogic.js","statementMap":{"0":{"start":{"line":1,"column":20},"end":{"line":15,"column":1}},"1":{"start":{"line":17,"column":14},"end":{"line":17,"column":55}},"2":{"start":{"line":19,"column":18},"end":{"line":19,"column":20}},"3":{"start":{"line":21,"column":11},"end":{"line":21,"column":13}},"4":{"start":{"line":22,"column":17},"end":{"line":22,"column":19}},"5":{"start":{"line":23,"column":17},"end":{"line":23,"column":19}},"6":{"start":{"line":27,"column":2},"end":{"line":34,"column":3}},"7":{"start":{"line":27,"column":15},"end":{"line":27,"column":30}},"8":{"start":{"line":28,"column":24},"end":{"line":28,"column":59}},"9":{"start":{"line":31,"column":17},"end":{"line":31,"column":24}},"10":{"start":{"line":32,"column":4},"end":{"line":32,"column":32}},"11":{"start":{"line":33,"column":4},"end":{"line":33,"column":29}},"12":{"start":{"line":35,"column":2},"end":{"line":35,"column":28}},"13":{"start":{"line":40,"column":2},"end":{"line":40,"column":24}},"14":{"start":{"line":46,"column":16},"end":{"line":46,"column":17}},"15":{"start":{"line":47,"column":2},"end":{"line":49,"column":3}},"16":{"start":{"line":47,"column":15},"end":{"line":47,"column":16}},"17":{"start":{"line":48,"column":4},"end":{"line":48,"column":29}},"18":{"start":{"line":50,"column":2},"end":{"line":50,"column":17}},"19":{"start":{"line":58,"column":2},"end":{"line":58,"column":12}},"20":{"start":{"line":59,"column":2},"end":{"line":59,"column":18}},"21":{"start":{"line":60,"column":2},"end":{"line":60,"column":18}},"22":{"start":{"line":61,"column":2},"end":{"line":69,"column":3}},"23":{"start":{"line":62,"column":4},"end":{"line":68,"column":5}},"24":{"start":{"line":63,"column":6},"end":{"line":67,"column":9}},"25":{"start":{"line":70,"column":2},"end":{"line":70,"column":16}},"26":{"start":{"line":71,"column":2},"end":{"line":71,"column":23}},"27":{"start":{"line":72,"column":2},"end":{"line":72,"column":23}},"28":{"start":{"line":73,"column":2},"end":{"line":73,"column":23}},"29":{"start":{"line":74,"column":2},"end":{"line":74,"column":23}},"30":{"start":{"line":75,"column":2},"end":{"line":75,"column":27}},"31":{"start":{"line":77,"column":2},"end":{"line":81,"column":3}},"32":{"start":{"line":78,"column":4},"end":{"line":78,"column":16}},"33":{"start":{"line":79,"column":9},"end":{"line":81,"column":3}},"34":{"start":{"line":80,"column":4},"end":{"line":80,"column":17}},"35":{"start":{"line":88,"column":2},"end":{"line":88,"column":30}},"36":{"start":{"line":89,"column":2},"end":{"line":89,"column":53}},"37":{"start":{"line":94,"column":2},"end":{"line":96,"column":3}},"38":{"start":{"line":95,"column":4},"end":{"line":95,"column":32}},"39":{"start":{"line":103,"column":22},"end":{"line":103,"column":52}},"40":{"start":{"line":104,"column":22},"end":{"line":104,"column":52}},"41":{"start":{"line":106,"column":2},"end":{"line":106,"column":43}},"42":{"start":{"line":106,"column":31},"end":{"line":106,"column":43}},"43":{"start":{"line":107,"column":2},"end":{"line":107,"column":44}},"44":{"start":{"line":107,"column":31},"end":{"line":107,"column":44}},"45":{"start":{"line":108,"column":2},"end":{"line":108,"column":36}},"46":{"start":{"line":112,"column":2},"end":{"line":112,"column":14}},"47":{"start":{"line":116,"column":2},"end":{"line":116,"column":20}},"48":{"start":{"line":120,"column":2},"end":{"line":120,"column":20}},"49":{"start":{"line":124,"column":2},"end":{"line":124,"column":23}},"50":{"start":{"line":128,"column":2},"end":{"line":128,"column":23}},"51":{"start":{"line":131,"column":0},"end":{"line":144,"column":2}}},"fnMap":{"0":{"name":"shuffleDeck","decl":{"start":{"line":26,"column":9},"end":{"line":26,"column":20}},"loc":{"start":{"line":26,"column":23},"end":{"line":36,"column":1}},"line":26},"1":{"name":"dealCard","decl":{"start":{"line":39,"column":9},"end":{"line":39,"column":17}},"loc":{"start":{"line":39,"column":24},"end":{"line":41,"column":1}},"line":39},"2":{"name":"calculateHandValue","decl":{"start":{"line":45,"column":9},"end":{"line":45,"column":27}},"loc":{"start":{"line":45,"column":34},"end":{"line":51,"column":1}},"line":45},"3":{"name":"startNewGame","decl":{"start":{"line":57,"column":9},"end":{"line":57,"column":21}},"loc":{"start":{"line":57,"column":24},"end":{"line":82,"column":1}},"line":57},"4":{"name":"playerHit","decl":{"start":{"line":87,"column":9},"end":{"line":87,"column":18}},"loc":{"start":{"line":87,"column":21},"end":{"line":90,"column":1}},"line":87},"5":{"name":"dealerTurn","decl":{"start":{"line":93,"column":9},"end":{"line":93,"column":19}},"loc":{"start":{"line":93,"column":22},"end":{"line":97,"column":1}},"line":93},"6":{"name":"determineWinner","decl":{"start":{"line":102,"column":9},"end":{"line":102,"column":24}},"loc":{"start":{"line":102,"column":27},"end":{"line":109,"column":1}},"line":102},"7":{"name":"getDeck","decl":{"start":{"line":111,"column":9},"end":{"line":111,"column":16}},"loc":{"start":{"line":111,"column":19},"end":{"line":113,"column":1}},"line":111},"8":{"name":"getPlayerHand","decl":{"start":{"line":115,"column":9},"end":{"line":115,"column":22}},"loc":{"start":{"line":115,"column":25},"end":{"line":117,"column":1}},"line":115},"9":{"name":"getDealerHand","decl":{"start":{"line":119,"column":9},"end":{"line":119,"column":22}},"loc":{"start":{"line":119,"column":25},"end":{"line":121,"column":1}},"line":119},"10":{"name":"setPlayerHand","decl":{"start":{"line":123,"column":9},"end":{"line":123,"column":22}},"loc":{"start":{"line":123,"column":32},"end":{"line":125,"column":1}},"line":123},"11":{"name":"setDealerHand","decl":{"start":{"line":127,"column":9},"end":{"line":127,"column":22}},"loc":{"start":{"line":127,"column":32},"end":{"line":129,"column":1}},"line":127}},"branchMap":{"0":{"loc":{"start":{"line":77,"column":2},"end":{"line":81,"column":3}},"type":"if","locations":[{"start":{"line":77,"column":2},"end":{"line":81,"column":3}},{"start":{"line":79,"column":9},"end":{"line":81,"column":3}}],"line":77},"1":{"loc":{"start":{"line":79,"column":9},"end":{"line":81,"column":3}},"type":"if","locations":[{"start":{"line":79,"column":9},"end":{"line":81,"column":3}},{"start":{},"end":{}}],"line":79},"2":{"loc":{"start":{"line":106,"column":2},"end":{"line":106,"column":43}},"type":"if","locations":[{"start":{"line":106,"column":2},"end":{"line":106,"column":43}},{"start":{},"end":{}}],"line":106},"3":{"loc":{"start":{"line":107,"column":2},"end":{"line":107,"column":44}},"type":"if","locations":[{"start":{"line":107,"column":2},"end":{"line":107,"column":44}},{"start":{},"end":{}}],"line":107}},"s":{"0":1,"1":1,"2":1,"3":1,"4":1,"5":1,"6":6,"7":6,"8":306,"9":306,"10":306,"11":306,"12":6,"13":24,"14":21,"15":21,"16":21,"17":48,"18":21,"19":6,"20":6,"21":6,"22":6,"23":24,"24":312,"25":6,"26":6,"27":6,"28":6,"29":6,"30":6,"31":6,"32":1,"33":5,"34":0,"35":2,"36":2,"37":2,"38":2,"39":1,"40":1,"41":1,"42":0,"43":1,"44":1,"45":0,"46":3,"47":3,"48":1,"49":2,"50":1,"51":1},"f":{"0":6,"1":24,"2":21,"3":6,"4":2,"5":2,"6":1,"7":3,"8":3,"9":1,"10":2,"11":1},"b":{"0":[1,5],"1":[0,5],"2":[0,1],"3":[1,0]},"_coverageSchema":"1a1c01bbd47fc00a2c39e90264f33305004495a9","hash":"d877cf4dbd2641ab88a35bb10ca7f5d50eadd063"}
}
