TN:
SF:docs/scripts/gameLogic.js
FN:26,shuffleDeck
FN:39,dealCard
FN:45,calculateHandValue
FN:57,startNewGame
FN:87,playerHit
FN:93,dealerTurn
FN:102,determineWinner
FN:111,getDeck
FN:115,getPlayerHand
FN:119,getDealerHand
FN:123,setPlayerHand
FN:127,setDealerHand
FNF:12
FNH:12
FNDA:6,shuffleDeck
FNDA:24,dealCard
FNDA:21,calculateHandValue
FNDA:6,startNewGame
FNDA:2,playerHit
FNDA:2,dealerTurn
FNDA:1,determineWinner
FNDA:3,getDeck
FNDA:3,getPlayerHand
FNDA:1,getDealerHand
FNDA:2,setPlayerHand
FNDA:1,setDealerHand
DA:1,1
DA:17,1
DA:19,1
DA:21,1
DA:22,1
DA:23,1
DA:27,6
DA:28,306
DA:31,306
DA:32,306
DA:33,306
DA:35,6
DA:40,24
DA:46,21
DA:47,21
DA:48,48
DA:50,21
DA:58,6
DA:59,6
DA:60,6
DA:61,6
DA:62,24
DA:63,312
DA:70,6
DA:71,6
DA:72,6
DA:73,6
DA:74,6
DA:75,6
DA:77,6
DA:78,1
DA:79,5
DA:80,0
DA:88,2
DA:89,2
DA:94,2
DA:95,2
DA:103,1
DA:104,1
DA:106,1
DA:107,1
DA:108,0
DA:112,3
DA:116,3
DA:120,1
DA:124,2
DA:128,1
DA:131,1
LF:48
LH:46
BRDA:77,0,0,1
BRDA:77,0,1,5
BRDA:79,1,0,0
BRDA:79,1,1,5
BRDA:106,2,0,0
BRDA:106,2,1,1
BRDA:107,3,0,1
BRDA:107,3,1,0
BRF:8
BRH:5
end_of_record
